
The following is logged from get_action_title()
in /home/rumakers/keeponweb.net/wp-content/plugins/simply-schedule-appointments/includes/class-revision-model.php line 732:

... insert_revision_appointment_type()
in /home/rumakers/keeponweb.net/wp-content/plugins/simply-schedule-appointments/includes/class-revision-model.php line 1005:

...... insert_revision_updated_appointment_type()
in /home/rumakers/keeponweb.net/wp-content/plugins/simply-schedule-appointments/includes/class-revision-model.php line 1097:
[2023-10-27 18:04:51] Action does not exist in get_action_title


The following is logged from get_action_title()
in /home/rumakers/keeponweb.net/wp-content/plugins/simply-schedule-appointments/includes/class-revision-model.php line 732:

... insert_revision_appointment_type()
in /home/rumakers/keeponweb.net/wp-content/plugins/simply-schedule-appointments/includes/class-revision-model.php line 1005:

...... insert_revision_updated_appointment_type()
in /home/rumakers/keeponweb.net/wp-content/plugins/simply-schedule-appointments/includes/class-revision-model.php line 1097:
[2023-10-27 18:04:51] Action does not exist in get_action_title


The following is logged from get_action_title()
in /home/rumakers/keeponweb.net/wp-content/plugins/simply-schedule-appointments/includes/class-revision-model.php line 732:

... insert_revision_appointment_type()
in /home/rumakers/keeponweb.net/wp-content/plugins/simply-schedule-appointments/includes/class-revision-model.php line 1005:

...... insert_revision_updated_appointment_type()
in /home/rumakers/keeponweb.net/wp-content/plugins/simply-schedule-appointments/includes/class-revision-model.php line 1097:
[2023-10-27 18:04:53] Action does not exist in get_action_title


The following is logged from get_action_title()
in /home/rumakers/keeponweb.net/wp-content/plugins/simply-schedule-appointments/includes/class-revision-model.php line 732:

... insert_revision_appointment_type()
in /home/rumakers/keeponweb.net/wp-content/plugins/simply-schedule-appointments/includes/class-revision-model.php line 1005:

...... insert_revision_updated_appointment_type()
in /home/rumakers/keeponweb.net/wp-content/plugins/simply-schedule-appointments/includes/class-revision-model.php line 1097:
[2023-10-27 18:04:53] Action does not exist in get_action_title


The following is logged from get_action_title()
in /home/rumakers/keeponweb.net/wp-content/plugins/simply-schedule-appointments/includes/class-revision-model.php line 732:

... insert_revision_appointment_type()
in /home/rumakers/keeponweb.net/wp-content/plugins/simply-schedule-appointments/includes/class-revision-model.php line 1005:

...... insert_revision_updated_appointment_type()
in /home/rumakers/keeponweb.net/wp-content/plugins/simply-schedule-appointments/includes/class-revision-model.php line 1097:
[2023-10-27 18:04:54] Action does not exist in get_action_title


The following is logged from get_action_title()
in /home/rumakers/keeponweb.net/wp-content/plugins/simply-schedule-appointments/includes/class-revision-model.php line 732:

... insert_revision_appointment_type()
in /home/rumakers/keeponweb.net/wp-content/plugins/simply-schedule-appointments/includes/class-revision-model.php line 1005:

...... insert_revision_updated_appointment_type()
in /home/rumakers/keeponweb.net/wp-content/plugins/simply-schedule-appointments/includes/class-revision-model.php line 1097:
[2023-10-27 18:04:54] Action does not exist in get_action_title

